Using pre-set license
Built from '2021.3/staging' branch; Version is '2021.3.23f1 (213b516bf396) revision 2177873'; Using compiler version '192829333'; Build Type 'Release'
OS: 'Windows 10  (10.0.19045) 64bit Core' Language: 'ru' Physical Memory: 3531 MB
BatchMode: 1, IsHumanControllingUs: 0, StartBugReporterOnCrash: 0, Is64bit: 1, IsPro: 1

COMMAND LINE ARGUMENTS:
D:\Unity\2021.3.23f1\Editor\Unity.exe
-adb2
-batchMode
-noUpm
-name
AssetImportWorker0
-projectPath
D:/Unity/TestTask
-logFile
Logs/AssetImportWorker0.log
-srvPort
59612
Successfully changed project path to: D:/Unity/TestTask
D:/Unity/TestTask
[UnityMemory] Configuration Parameters - Can be set up in boot.config
    "memorysetup-bucket-allocator-granularity=16"
    "memorysetup-bucket-allocator-bucket-count=8"
    "memorysetup-bucket-allocator-block-size=33554432"
    "memorysetup-bucket-allocator-block-count=8"
    "memorysetup-main-allocator-block-size=16777216"
    "memorysetup-thread-allocator-block-size=16777216"
    "memorysetup-gfx-main-allocator-block-size=16777216"
    "memorysetup-gfx-thread-allocator-block-size=16777216"
    "memorysetup-cache-allocator-block-size=4194304"
    "memorysetup-typetree-allocator-block-size=2097152"
    "memorysetup-profiler-bucket-allocator-granularity=16"
    "memorysetup-profiler-bucket-allocator-bucket-count=8"
    "memorysetup-profiler-bucket-allocator-block-size=33554432"
    "memorysetup-profiler-bucket-allocator-block-count=8"
    "memorysetup-profiler-allocator-block-size=16777216"
    "memorysetup-profiler-editor-allocator-block-size=1048576"
    "memorysetup-temp-allocator-size-main=16777216"
    "memorysetup-job-temp-allocator-block-size=2097152"
    "memorysetup-job-temp-allocator-block-size-background=1048576"
    "memorysetup-job-temp-allocator-reduction-small-platforms=262144"
    "memorysetup-temp-allocator-size-background-worker=32768"
    "memorysetup-temp-allocator-size-job-worker=262144"
    "memorysetup-temp-allocator-size-preload-manager=33554432"
    "memorysetup-temp-allocator-size-nav-mesh-worker=65536"
    "memorysetup-temp-allocator-size-audio-worker=65536"
    "memorysetup-temp-allocator-size-cloud-worker=32768"
    "memorysetup-temp-allocator-size-gi-baking-worker=262144"
    "memorysetup-temp-allocator-size-gfx=262144"
Player connection [11280] Host "[IP] 192.168.1.100 [Port] 0 [Flags] 2 [Guid] 1008457989 [EditorId] 1008457989 [Version] 1048832 [Id] WindowsEditor(7,DESKTOP-UF7C8GA) [Debug] 1 [PackageName] WindowsEditor [ProjectName] Editor" joined multi-casting on [225.0.0.222:54997]...

Player connection [11280] Host "[IP] 192.168.1.100 [Port] 0 [Flags] 2 [Guid] 1008457989 [EditorId] 1008457989 [Version] 1048832 [Id] WindowsEditor(7,DESKTOP-UF7C8GA) [Debug] 1 [PackageName] WindowsEditor [ProjectName] Editor" joined alternative multi-casting on [225.0.0.222:34997]...

Refreshing native plugins compatible for Editor in 354.81 ms, found 4 plugins.
Preloading 0 native plugins for Editor in 0.00 ms.
Initialize engine version: 2021.3.23f1 (213b516bf396)
[Subsystems] Discovering subsystems at path D:/Unity/2021.3.23f1/Editor/Data/Resources/UnitySubsystems
[Subsystems] Discovering subsystems at path D:/Unity/TestTask/Assets
GfxDevice: creating device client; threaded=0; jobified=0
Direct3D:
    Version:  Direct3D 11.0 [level 11.1]
    Renderer: AMD Radeon(TM) Vega 8 Graphics (ID=0x15d8)
    Vendor:   ATI
    VRAM:     1765 MB
    Driver:   27.20.11044.5003
Initialize mono
Mono path[0] = 'D:/Unity/2021.3.23f1/Editor/Data/Managed'
Mono path[1] = 'D:/Unity/2021.3.23f1/Editor/Data/MonoBleedingEdge/lib/mono/unityjit-win32'
Mono config path = 'D:/Unity/2021.3.23f1/Editor/Data/MonoBleedingEdge/etc'
Using monoOptions --debugger-agent=transport=dt_socket,embedding=1,server=y,suspend=n,address=127.0.0.1:56044
Begin MonoManager ReloadAssembly
Registering precompiled unity dll's ...
Register platform support module: D:/Unity/2021.3.23f1/Editor/Data/PlaybackEngines/WebGLSupport/UnityEditor.WebGL.Extensions.dll
Register platform support module: D:/Unity/2021.3.23f1/Editor/Data/PlaybackEngines/AndroidPlayer/UnityEditor.Android.Extensions.dll
Register platform support module: D:/Unity/2021.3.23f1/Editor/Data/PlaybackEngines/WindowsStandaloneSupport/UnityEditor.WindowsStandalone.Extensions.dll
Register platform support module: D:/Unity/2021.3.23f1/Editor/Data/PlaybackEngines/MetroSupport/UnityEditor.UWP.Extensions.dll
Registered in 0.008967 seconds.
Native extension for UWP target not found
Native extension for WindowsStandalone target not found
Native extension for Android target not found
Android Extension - Scanning For ADB Devices 800 ms
Native extension for WebGL target not found
Refreshing native plugins compatible for Editor in 117.96 ms, found 4 plugins.
Preloading 0 native plugins for Editor in 0.00 ms.
Mono: successfully reloaded assembly
- Completed reload, in  2.019 seconds
Domain Reload Profiling:
	ReloadAssembly (2020ms)
		BeginReloadAssembly (256ms)
			ExecutionOrderSort (0ms)
			DisableScriptedObjects (0ms)
			BackupInstance (0ms)
			ReleaseScriptingObjects (0ms)
			CreateAndSetChildDomain (2ms)
		EndReloadAssembly (1616ms)
			LoadAssemblies (257ms)
			RebuildTransferFunctionScriptingTraits (0ms)
			SetupTypeCache (196ms)
			ReleaseScriptCaches (0ms)
			RebuildScriptCaches (42ms)
			SetupLoadedEditorAssemblies (1273ms)
				LogAssemblyErrors (0ms)
				InitializePlatformSupportModulesInManaged (920ms)
				SetLoadedEditorAssemblies (0ms)
				RefreshPlugins (118ms)
				BeforeProcessingInitializeOnLoad (2ms)
				ProcessInitializeOnLoadAttributes (166ms)
				ProcessInitializeOnLoadMethodAttributes (67ms)
				AfterProcessingInitializeOnLoad (0ms)
				EditorAssembliesLoaded (0ms)
			ExecutionOrderSort2 (0ms)
			AwakeInstancesAfterBackupRestoration (0ms)
Platform modules already initialized, skipping
Registering precompiled user dll's ...
Registered in 0.023183 seconds.
Begin MonoManager ReloadAssembly
Symbol file LoadedFromMemory doesn't match image D:\Unity\TestTask\Library\PackageCache\com.unity.visualscripting@1.8.0\Editor\VisualScripting.Core\Dependencies\YamlDotNet\Unity.VisualScripting.YamlDotNet.dll
Symbol file LoadedFromMemory doesn't match image D:\Unity\TestTask\Library\PackageCache\com.unity.visualscripting@1.8.0\Editor\VisualScripting.Core\Dependencies\DotNetZip\Unity.VisualScripting.IonicZip.dll
Native extension for UWP target not found
Native extension for WindowsStandalone target not found
Native extension for Android target not found
Native extension for WebGL target not found
Refreshing native plugins compatible for Editor in 262.46 ms, found 4 plugins.
Preloading 0 native plugins for Editor in 0.00 ms.
Mono: successfully reloaded assembly
- Completed reload, in  2.689 seconds
Domain Reload Profiling:
	ReloadAssembly (2691ms)
		BeginReloadAssembly (295ms)
			ExecutionOrderSort (0ms)
			DisableScriptedObjects (12ms)
			BackupInstance (0ms)
			ReleaseScriptingObjects (0ms)
			CreateAndSetChildDomain (40ms)
		EndReloadAssembly (2202ms)
			LoadAssemblies (340ms)
			RebuildTransferFunctionScriptingTraits (0ms)
			SetupTypeCache (556ms)
			ReleaseScriptCaches (9ms)
			RebuildScriptCaches (130ms)
			SetupLoadedEditorAssemblies (1108ms)
				LogAssemblyErrors (0ms)
				InitializePlatformSupportModulesInManaged (48ms)
				SetLoadedEditorAssemblies (0ms)
				RefreshPlugins (269ms)
				BeforeProcessingInitializeOnLoad (198ms)
				ProcessInitializeOnLoadAttributes (513ms)
				ProcessInitializeOnLoadMethodAttributes (74ms)
				AfterProcessingInitializeOnLoad (6ms)
				EditorAssembliesLoaded (0ms)
			ExecutionOrderSort2 (0ms)
			AwakeInstancesAfterBackupRestoration (7ms)
Platform modules already initialized, skipping
========================================================================
Worker process is ready to serve import requests
Launched and connected shader compiler UnityShaderCompiler.exe after 0.10 seconds
Refreshing native plugins compatible for Editor in 0.89 ms, found 4 plugins.
Preloading 0 native plugins for Editor in 0.00 ms.
Unloading 3765 Unused Serialized files (Serialized files now loaded: 0)
Unloading 37 unused Assets / (56.8 KB). Loaded Objects now: 4232.
Memory consumption went from 145.7 MB to 145.6 MB.
Total: 6.708500 ms (FindLiveObjects: 0.795900 ms CreateObjectMapping: 0.203900 ms MarkObjects: 5.220800 ms  DeleteObjects: 0.486500 ms)

AssetImportParameters requested are different than current active one (requested -> active):
  custom:video-decoder-ogg-theora: a1e56fd34408186e4bbccfd4996cb3dc -> 
  custom:container-muxer-webm: aa71ff27fc2769a1b78a27578f13a17b -> 
  custom:container-demuxer-webm: 4f35f7cbe854078d1ac9338744f61a02 -> 
  custom:video-encoder-webm-vp8: eb34c28f22e8b96e1ab97ce403110664 -> 
  custom:audio-encoder-webm-vorbis: bf7c407c2cedff20999df2af8eb42d56 -> 
  custom:framework-win-MediaFoundation: 216162199b28c13a410421893ffa2e32 -> 
  custom:container-demuxer-ogg: 62fdf1f143b41e24485cea50d1cbac27 -> 
  custom:video-decoder-webm-vp8: 9c59270c3fd7afecdb556c50c9e8de78 -> 
  custom:audio-decoder-ogg-vorbis: bf7c407c2cedff20999df2af8eb42d56 -> 
========================================================================
Received Import Request.
  Time since last request: 103938.297484 seconds.
  path: Assets/Undead Survivor/Sprites/Farmer 1.png
  artifactKey: Guid(0c187a32c5bde4747be8d00770b07403) Importer(815301076,1909f56bfc062723c751e8b465ee728b)
Start importing Assets/Undead Survivor/Sprites/Farmer 1.png using Guid(0c187a32c5bde4747be8d00770b07403) Importer(815301076,1909f56bfc062723c751e8b465ee728b)  -> (artifact id: '212b1248a84863f1e5cb5abb2804a11c') in 0.335933 seconds 
========================================================================
Received Import Request.
  Time since last request: 0.000146 seconds.
  path: Assets/Undead Survivor/Sprites/Enemy 1.png
  artifactKey: Guid(3bcb7877229a5334da528f2f0872b5c3) Importer(815301076,1909f56bfc062723c751e8b465ee728b)
Start importing Assets/Undead Survivor/Sprites/Enemy 1.png using Guid(3bcb7877229a5334da528f2f0872b5c3) Importer(815301076,1909f56bfc062723c751e8b465ee728b)  -> (artifact id: 'd4849c72c5f97a2fbc2becc563c41c11') in 0.105576 seconds 
========================================================================
Received Import Request.
  Time since last request: 0.000063 seconds.
  path: Assets/Undead Survivor/Sprites/UI.png
  artifactKey: Guid(d71a3dc7aa20fad4f9a99fc76a9254ba) Importer(815301076,1909f56bfc062723c751e8b465ee728b)
Start importing Assets/Undead Survivor/Sprites/UI.png using Guid(d71a3dc7aa20fad4f9a99fc76a9254ba) Importer(815301076,1909f56bfc062723c751e8b465ee728b)  -> (artifact id: '30bd77613bb5fb02d52e8ef8593d7c24') in 0.123302 seconds 
========================================================================
Received Import Request.
  Time since last request: 0.000031 seconds.
  path: Assets/Undead Survivor/Icon.png
  artifactKey: Guid(8cf32bb594965f3449d71aab39ee30ad) Importer(815301076,1909f56bfc062723c751e8b465ee728b)
Start importing Assets/Undead Survivor/Icon.png using Guid(8cf32bb594965f3449d71aab39ee30ad) Importer(815301076,1909f56bfc062723c751e8b465ee728b)  -> (artifact id: '6eca8953e73bf02e8a477ed6dae8d418') in 0.076014 seconds 
========================================================================
Received Import Request.
  Time since last request: 0.000061 seconds.
  path: Assets/Undead Survivor/Sprites/Enemy 4.png
  artifactKey: Guid(c4d2ccab0c2ad7e47853b6e31a7ac7c2) Importer(815301076,1909f56bfc062723c751e8b465ee728b)
Start importing Assets/Undead Survivor/Sprites/Enemy 4.png using Guid(c4d2ccab0c2ad7e47853b6e31a7ac7c2) Importer(815301076,1909f56bfc062723c751e8b465ee728b)  -> (artifact id: '5fc26802053e1040b2333d9cd747d38f') in 0.054426 seconds 
========================================================================
Received Import Request.
  Time since last request: 0.000070 seconds.
  path: Assets/Undead Survivor/Sprites/Enemy 2.png
  artifactKey: Guid(4104ee12b4d54f54b91b3ba875787837) Importer(815301076,1909f56bfc062723c751e8b465ee728b)
Start importing Assets/Undead Survivor/Sprites/Enemy 2.png using Guid(4104ee12b4d54f54b91b3ba875787837) Importer(815301076,1909f56bfc062723c751e8b465ee728b)  -> (artifact id: '25755acb0b647524210d8f961bd36776') in 0.070752 seconds 
========================================================================
Received Import Request.
  Time since last request: 0.000046 seconds.
  path: Assets/Undead Survivor/Sprites/Props.png
  artifactKey: Guid(0d5e657ee5a074e4baa53d5b248a01d2) Importer(815301076,1909f56bfc062723c751e8b465ee728b)
Start importing Assets/Undead Survivor/Sprites/Props.png using Guid(0d5e657ee5a074e4baa53d5b248a01d2) Importer(815301076,1909f56bfc062723c751e8b465ee728b)  -> (artifact id: '74c157122891677c5e7b5435c26907f6') in 0.115218 seconds 
========================================================================
Received Import Request.
  Time since last request: 215.869306 seconds.
  path: Assets/OArielG
  artifactKey: Guid(684055709fde92c4694c5e3779920f65) Importer(815301076,1909f56bfc062723c751e8b465ee728b)
Start importing Assets/OArielG using Guid(684055709fde92c4694c5e3779920f65) Importer(815301076,1909f56bfc062723c751e8b465ee728b)  -> (artifact id: '61c29b930c0397b235a2c970bbe8c598') in 0.030521 seconds 
========================================================================
Received Import Request.
  Time since last request: 0.924772 seconds.
  path: Assets/OArielG/2DSimpleUIPack
  artifactKey: Guid(e9c2ca3562ef90747a22c97cf2fda6c5) Importer(815301076,1909f56bfc062723c751e8b465ee728b)
Start importing Assets/OArielG/2DSimpleUIPack using Guid(e9c2ca3562ef90747a22c97cf2fda6c5) Importer(815301076,1909f56bfc062723c751e8b465ee728b)  -> (artifact id: 'c7bd5ef265ff170ef019396cce83d5a5') in 0.016790 seconds 
========================================================================
Received Import Request.
  Time since last request: 2.325046 seconds.
  path: Assets/OArielG/2DSimpleUIPack/Sprites
  artifactKey: Guid(6c4edb8e940bc354bb6dce842e5c28e6) Importer(815301076,1909f56bfc062723c751e8b465ee728b)
Start importing Assets/OArielG/2DSimpleUIPack/Sprites using Guid(6c4edb8e940bc354bb6dce842e5c28e6) Importer(815301076,1909f56bfc062723c751e8b465ee728b)  -> (artifact id: '8e97f34f0b5d65c9819825bec13eeec8') in 0.008070 seconds 
========================================================================
Received Import Request.
  Time since last request: 0.037894 seconds.
  path: Assets/OArielG/2DSimpleUIPack/Sprites/ui-large-buttons-horizontal.png
  artifactKey: Guid(3d2ceb4de2a713147abc06da178fec62) Importer(815301076,1909f56bfc062723c751e8b465ee728b)
Start importing Assets/OArielG/2DSimpleUIPack/Sprites/ui-large-buttons-horizontal.png using Guid(3d2ceb4de2a713147abc06da178fec62) Importer(815301076,1909f56bfc062723c751e8b465ee728b)  -> (artifact id: 'd6ace02c1c15aefa9ea282d3c81e8acd') in 0.297278 seconds 
========================================================================
Received Import Request.
  Time since last request: 0.000061 seconds.
  path: Assets/OArielG/2DSimpleUIPack/Sprites/ui-small-icons.png
  artifactKey: Guid(497877696662aee47ba7434638be1ea7) Importer(815301076,1909f56bfc062723c751e8b465ee728b)
Start importing Assets/OArielG/2DSimpleUIPack/Sprites/ui-small-icons.png using Guid(497877696662aee47ba7434638be1ea7) Importer(815301076,1909f56bfc062723c751e8b465ee728b)  -> (artifact id: 'b326126096944ac9ce7175cbd8a334fc') in 0.042540 seconds 
========================================================================
Received Import Request.
  Time since last request: 0.000059 seconds.
  path: Assets/OArielG/2DSimpleUIPack/Sprites/ui-panels.png
  artifactKey: Guid(84873522082196348b931e3f46de09e9) Importer(815301076,1909f56bfc062723c751e8b465ee728b)
Start importing Assets/OArielG/2DSimpleUIPack/Sprites/ui-panels.png using Guid(84873522082196348b931e3f46de09e9) Importer(815301076,1909f56bfc062723c751e8b465ee728b)  -> (artifact id: '5f7271a2bf7a6e006e54ba9c233bc115') in 0.044593 seconds 
========================================================================
Received Import Request.
  Time since last request: 0.000055 seconds.
  path: Assets/OArielG/2DSimpleUIPack/Sprites/ui-small-buttons.png
  artifactKey: Guid(a11ea103d81f8dd4b896a5dcd08d3fcc) Importer(815301076,1909f56bfc062723c751e8b465ee728b)
Start importing Assets/OArielG/2DSimpleUIPack/Sprites/ui-small-buttons.png using Guid(a11ea103d81f8dd4b896a5dcd08d3fcc) Importer(815301076,1909f56bfc062723c751e8b465ee728b)  -> (artifact id: '4fb5e0bf645251deea39dda3d7c588e7') in 0.044035 seconds 
========================================================================
Received Import Request.
  Time since last request: 43.955134 seconds.
  path: Assets/OArielG/2DSimpleUIPack/Sprites/ui-large-buttons-horizontal.png
  artifactKey: Guid(3d2ceb4de2a713147abc06da178fec62) Importer(815301076,1909f56bfc062723c751e8b465ee728b)
Start importing Assets/OArielG/2DSimpleUIPack/Sprites/ui-large-buttons-horizontal.png using Guid(3d2ceb4de2a713147abc06da178fec62) Importer(815301076,1909f56bfc062723c751e8b465ee728b)  -> (artifact id: 'ee4eca3e1adb4c9d35b684e2d4b90070') in 0.027225 seconds 
========================================================================
Received Import Request.
  Time since last request: 8.947579 seconds.
  path: Assets/OArielG/2DSimpleUIPack/Sprites/ui-large-buttons-horizontal.png
  artifactKey: Guid(3d2ceb4de2a713147abc06da178fec62) Importer(815301076,1909f56bfc062723c751e8b465ee728b)
Start importing Assets/OArielG/2DSimpleUIPack/Sprites/ui-large-buttons-horizontal.png using Guid(3d2ceb4de2a713147abc06da178fec62) Importer(815301076,1909f56bfc062723c751e8b465ee728b)  -> (artifact id: 'fe1362d3604d01b2b1466e8b6a5bc937') in 0.223110 seconds 
========================================================================
Received Import Request.
  Time since last request: 25.854485 seconds.
  path: Assets/OArielG/2DSimpleUIPack/Sprites/ui-large-buttons-horizontal.png
  artifactKey: Guid(3d2ceb4de2a713147abc06da178fec62) Importer(815301076,1909f56bfc062723c751e8b465ee728b)
Start importing Assets/OArielG/2DSimpleUIPack/Sprites/ui-large-buttons-horizontal.png using Guid(3d2ceb4de2a713147abc06da178fec62) Importer(815301076,1909f56bfc062723c751e8b465ee728b)  -> (artifact id: '86abad7f5da2b3abf359cd1c874ed72f') in 0.209531 seconds 
========================================================================
Received Prepare
Registering precompiled user dll's ...
Registered in 0.009184 seconds.
Begin MonoManager ReloadAssembly
Symbol file LoadedFromMemory doesn't match image D:\Unity\TestTask\Library\PackageCache\com.unity.visualscripting@1.8.0\Editor\VisualScripting.Core\Dependencies\YamlDotNet\Unity.VisualScripting.YamlDotNet.dll
Symbol file LoadedFromMemory doesn't match image D:\Unity\TestTask\Library\PackageCache\com.unity.visualscripting@1.8.0\Editor\VisualScripting.Core\Dependencies\DotNetZip\Unity.VisualScripting.IonicZip.dll
Native extension for UWP target not found
Native extension for WindowsStandalone target not found
Native extension for Android target not found
Native extension for WebGL target not found
Refreshing native plugins compatible for Editor in 1.30 ms, found 4 plugins.
Preloading 0 native plugins for Editor in 0.00 ms.
Mono: successfully reloaded assembly
- Completed reload, in  3.095 seconds
Domain Reload Profiling:
	ReloadAssembly (3107ms)
		BeginReloadAssembly (1380ms)
			ExecutionOrderSort (0ms)
			DisableScriptedObjects (225ms)
			BackupInstance (0ms)
			ReleaseScriptingObjects (0ms)
			CreateAndSetChildDomain (644ms)
		EndReloadAssembly (1514ms)
			LoadAssemblies (410ms)
			RebuildTransferFunctionScriptingTraits (1ms)
			SetupTypeCache (536ms)
			ReleaseScriptCaches (4ms)
			RebuildScriptCaches (95ms)
			SetupLoadedEditorAssemblies (579ms)
				LogAssemblyErrors (0ms)
				InitializePlatformSupportModulesInManaged (36ms)
				SetLoadedEditorAssemblies (1ms)
				RefreshPlugins (1ms)
				BeforeProcessingInitializeOnLoad (113ms)
				ProcessInitializeOnLoadAttributes (348ms)
				ProcessInitializeOnLoadMethodAttributes (73ms)
				AfterProcessingInitializeOnLoad (6ms)
				EditorAssembliesLoaded (0ms)
			ExecutionOrderSort2 (0ms)
			AwakeInstancesAfterBackupRestoration (13ms)
Platform modules already initialized, skipping
Refreshing native plugins compatible for Editor in 6.52 ms, found 4 plugins.
Preloading 0 native plugins for Editor in 0.00 ms.
Unloading 3741 Unused Serialized files (Serialized files now loaded: 0)
Unloading 24 unused Assets / (27.0 KB). Loaded Objects now: 4297.
Memory consumption went from 147.7 MB to 147.6 MB.
Total: 7.489200 ms (FindLiveObjects: 0.524500 ms CreateObjectMapping: 0.188000 ms MarkObjects: 6.277400 ms  DeleteObjects: 0.497200 ms)

AssetImportParameters requested are different than current active one (requested -> active):
  custom:video-decoder-ogg-theora: a1e56fd34408186e4bbccfd4996cb3dc -> 
  custom:container-muxer-webm: aa71ff27fc2769a1b78a27578f13a17b -> 
  custom:container-demuxer-webm: 4f35f7cbe854078d1ac9338744f61a02 -> 
  custom:video-encoder-webm-vp8: eb34c28f22e8b96e1ab97ce403110664 -> 
  custom:audio-encoder-webm-vorbis: bf7c407c2cedff20999df2af8eb42d56 -> 
  custom:framework-win-MediaFoundation: 216162199b28c13a410421893ffa2e32 -> 
  custom:container-demuxer-ogg: 62fdf1f143b41e24485cea50d1cbac27 -> 
  custom:video-decoder-webm-vp8: 9c59270c3fd7afecdb556c50c9e8de78 -> 
  custom:audio-decoder-ogg-vorbis: bf7c407c2cedff20999df2af8eb42d56 -> 
========================================================================
Received Prepare
Registering precompiled user dll's ...
Registered in 0.012474 seconds.
Begin MonoManager ReloadAssembly
Symbol file LoadedFromMemory doesn't match image D:\Unity\TestTask\Library\PackageCache\com.unity.visualscripting@1.8.0\Editor\VisualScripting.Core\Dependencies\YamlDotNet\Unity.VisualScripting.YamlDotNet.dll
Symbol file LoadedFromMemory doesn't match image D:\Unity\TestTask\Library\PackageCache\com.unity.visualscripting@1.8.0\Editor\VisualScripting.Core\Dependencies\DotNetZip\Unity.VisualScripting.IonicZip.dll
Native extension for UWP target not found
Native extension for WindowsStandalone target not found
Native extension for Android target not found
Native extension for WebGL target not found
Refreshing native plugins compatible for Editor in 2.52 ms, found 4 plugins.
Preloading 0 native plugins for Editor in 0.00 ms.
Mono: successfully reloaded assembly
- Completed reload, in  2.979 seconds
Domain Reload Profiling:
	ReloadAssembly (2982ms)
		BeginReloadAssembly (499ms)
			ExecutionOrderSort (0ms)
			DisableScriptedObjects (26ms)
			BackupInstance (0ms)
			ReleaseScriptingObjects (0ms)
			CreateAndSetChildDomain (100ms)
		EndReloadAssembly (2231ms)
			LoadAssemblies (435ms)
			RebuildTransferFunctionScriptingTraits (0ms)
			SetupTypeCache (739ms)
			ReleaseScriptCaches (5ms)
			RebuildScriptCaches (155ms)
			SetupLoadedEditorAssemblies (889ms)
				LogAssemblyErrors (0ms)
				InitializePlatformSupportModulesInManaged (56ms)
				SetLoadedEditorAssemblies (1ms)
				RefreshPlugins (3ms)
				BeforeProcessingInitializeOnLoad (180ms)
				ProcessInitializeOnLoadAttributes (533ms)
				ProcessInitializeOnLoadMethodAttributes (107ms)
				AfterProcessingInitializeOnLoad (9ms)
				EditorAssembliesLoaded (0ms)
			ExecutionOrderSort2 (0ms)
			AwakeInstancesAfterBackupRestoration (19ms)
Platform modules already initialized, skipping
Refreshing native plugins compatible for Editor in 10.01 ms, found 4 plugins.
Preloading 0 native plugins for Editor in 0.00 ms.
Unloading 3741 Unused Serialized files (Serialized files now loaded: 0)
Unloading 24 unused Assets / (24.9 KB). Loaded Objects now: 4300.
Memory consumption went from 147.7 MB to 147.7 MB.
Total: 9.231700 ms (FindLiveObjects: 0.901600 ms CreateObjectMapping: 1.370400 ms MarkObjects: 6.713600 ms  DeleteObjects: 0.243500 ms)

AssetImportParameters requested are different than current active one (requested -> active):
  custom:video-decoder-ogg-theora: a1e56fd34408186e4bbccfd4996cb3dc -> 
  custom:container-muxer-webm: aa71ff27fc2769a1b78a27578f13a17b -> 
  custom:container-demuxer-webm: 4f35f7cbe854078d1ac9338744f61a02 -> 
  custom:video-encoder-webm-vp8: eb34c28f22e8b96e1ab97ce403110664 -> 
  custom:audio-encoder-webm-vorbis: bf7c407c2cedff20999df2af8eb42d56 -> 
  custom:framework-win-MediaFoundation: 216162199b28c13a410421893ffa2e32 -> 
  custom:container-demuxer-ogg: 62fdf1f143b41e24485cea50d1cbac27 -> 
  custom:video-decoder-webm-vp8: 9c59270c3fd7afecdb556c50c9e8de78 -> 
  custom:audio-decoder-ogg-vorbis: bf7c407c2cedff20999df2af8eb42d56 -> 
========================================================================
Received Import Request.
  Time since last request: 208.006267 seconds.
  path: Assets/Scenes
  artifactKey: Guid(131a6b21c8605f84396be9f6751fb6e3) Importer(815301076,1909f56bfc062723c751e8b465ee728b)
Start importing Assets/Scenes using Guid(131a6b21c8605f84396be9f6751fb6e3) Importer(815301076,1909f56bfc062723c751e8b465ee728b)  -> (artifact id: '2c23e514d24f6b65fe96946cd87fc526') in 0.030302 seconds 
========================================================================
Received Import Request.
  Time since last request: 4.294345 seconds.
  path: Assets/Scenes/Level1.unity
  artifactKey: Guid(0b02f14629ad538488a7a993bcafb3f7) Importer(815301076,1909f56bfc062723c751e8b465ee728b)
Start importing Assets/Scenes/Level1.unity using Guid(0b02f14629ad538488a7a993bcafb3f7) Importer(815301076,1909f56bfc062723c751e8b465ee728b)  -> (artifact id: '070a9935d9f46b788fa43bd7dc5b8fd0') in 0.017625 seconds 
========================================================================
Received Import Request.
  Time since last request: 84.198140 seconds.
  path: Assets/Prefabs/Player1.prefab
  artifactKey: Guid(996f131abf9909145b33e061199db852) Importer(815301076,1909f56bfc062723c751e8b465ee728b)
Start importing Assets/Prefabs/Player1.prefab using Guid(996f131abf9909145b33e061199db852) Importer(815301076,1909f56bfc062723c751e8b465ee728b)  -> (artifact id: 'e934a0f8426ced5aabdf0461e574c253') in 0.491946 seconds 
========================================================================
Received Import Request.
  Time since last request: 0.000052 seconds.
  path: Assets/Prefabs/Player2and1End.prefab
  artifactKey: Guid(d7b129a02ef23b545952c5226835f04d) Importer(815301076,1909f56bfc062723c751e8b465ee728b)
Start importing Assets/Prefabs/Player2and1End.prefab using Guid(d7b129a02ef23b545952c5226835f04d) Importer(815301076,1909f56bfc062723c751e8b465ee728b)  -> (artifact id: '565c2fcfdfc23147905dfcee1cc5b9bc') in 0.044164 seconds 
========================================================================
Received Import Request.
  Time since last request: 0.000091 seconds.
  path: Assets/Prefabs/PlayerLine2.prefab
  artifactKey: Guid(cb7d9dbe2e945be4ebe863abd1c6db3c) Importer(815301076,1909f56bfc062723c751e8b465ee728b)
Start importing Assets/Prefabs/PlayerLine2.prefab using Guid(cb7d9dbe2e945be4ebe863abd1c6db3c) Importer(815301076,1909f56bfc062723c751e8b465ee728b)  -> (artifact id: 'd450aeff9b03819f14fba75dbeb151bb') in 0.048934 seconds 
========================================================================
Received Import Request.
  Time since last request: 0.000043 seconds.
  path: Assets/Prefabs/Player2.prefab
  artifactKey: Guid(ce73b9e04b48f48459d4f043482886a9) Importer(815301076,1909f56bfc062723c751e8b465ee728b)
Start importing Assets/Prefabs/Player2.prefab using Guid(ce73b9e04b48f48459d4f043482886a9) Importer(815301076,1909f56bfc062723c751e8b465ee728b)  -> (artifact id: '94e16a4698ea2ed6c8f09e4d35ba277c') in 0.049594 seconds 
========================================================================
Received Import Request.
  Time since last request: 0.000043 seconds.
  path: Assets/Prefabs/PlayerLine1.prefab
  artifactKey: Guid(49c134ac48719864898222b60cadd127) Importer(815301076,1909f56bfc062723c751e8b465ee728b)
Start importing Assets/Prefabs/PlayerLine1.prefab using Guid(49c134ac48719864898222b60cadd127) Importer(815301076,1909f56bfc062723c751e8b465ee728b)  -> (artifact id: '6221c1295930d9d3f2397f1f706f3256') in 0.034475 seconds 
========================================================================
Received Import Request.
  Time since last request: 0.000058 seconds.
  path: Assets/Prefabs/Player2End.prefab
  artifactKey: Guid(aba7ed0bbe712664a9c36d55411801cc) Importer(815301076,1909f56bfc062723c751e8b465ee728b)
Start importing Assets/Prefabs/Player2End.prefab using Guid(aba7ed0bbe712664a9c36d55411801cc) Importer(815301076,1909f56bfc062723c751e8b465ee728b)  -> (artifact id: '8ce5c4589d07138da439b24f49dcbe7e') in 0.040803 seconds 
========================================================================
Received Import Request.
  Time since last request: 2.530084 seconds.
  path: Assets/Prefabs/Canvas.prefab
  artifactKey: Guid(e86188faa515d984796cb2aef7a630e0) Importer(815301076,1909f56bfc062723c751e8b465ee728b)
Start importing Assets/Prefabs/Canvas.prefab using Guid(e86188faa515d984796cb2aef7a630e0) Importer(815301076,1909f56bfc062723c751e8b465ee728b)  -> (artifact id: 'db8fc654c35dc8352e7beaf6e1249583') in 0.135509 seconds 
========================================================================
Received Import Request.
  Time since last request: 34.242750 seconds.
  path: Assets/Scenes/Level2.unity
  artifactKey: Guid(195af0fe42fd413499878666f0dca2c5) Importer(815301076,1909f56bfc062723c751e8b465ee728b)
Start importing Assets/Scenes/Level2.unity using Guid(195af0fe42fd413499878666f0dca2c5) Importer(815301076,1909f56bfc062723c751e8b465ee728b)  -> (artifact id: '95c3df04584dcce7cb547ee3ed03bf00') in 0.019036 seconds 
========================================================================
Received Import Request.
  Time since last request: 76.442627 seconds.
  path: Assets/Scenes/Level3.unity
  artifactKey: Guid(68a564b4dfef59e4dbaad55c2315182f) Importer(815301076,1909f56bfc062723c751e8b465ee728b)
Start importing Assets/Scenes/Level3.unity using Guid(68a564b4dfef59e4dbaad55c2315182f) Importer(815301076,1909f56bfc062723c751e8b465ee728b)  -> (artifact id: '529a85f6b857152a62b81d5578171b6b') in 0.018519 seconds 
========================================================================
Received Import Request.
  Time since last request: 48.979812 seconds.
  path: Assets/Scenes/Level4.unity
  artifactKey: Guid(f5511e4175b37e143a76c30eee828189) Importer(815301076,1909f56bfc062723c751e8b465ee728b)
Start importing Assets/Scenes/Level4.unity using Guid(f5511e4175b37e143a76c30eee828189) Importer(815301076,1909f56bfc062723c751e8b465ee728b)  -> (artifact id: '2556509cfac71e5fe8a1dfb4a1e7f165') in 0.015182 seconds 
========================================================================
Received Import Request.
  Time since last request: 10.115077 seconds.
  path: Assets/Prefabs
  artifactKey: Guid(91212beea8b2216449da84fbb2830ce1) Importer(815301076,1909f56bfc062723c751e8b465ee728b)
Start importing Assets/Prefabs using Guid(91212beea8b2216449da84fbb2830ce1) Importer(815301076,1909f56bfc062723c751e8b465ee728b)  -> (artifact id: 'e41632d5e6a2038899d28af98de907da') in 0.016368 seconds 
========================================================================
Received Import Request.
  Time since last request: 38.484532 seconds.
  path: Assets/Scenes/MainMenu.unity
  artifactKey: Guid(19361a238ae4f0647bbd2a789c5a0cff) Importer(815301076,1909f56bfc062723c751e8b465ee728b)
Start importing Assets/Scenes/MainMenu.unity using Guid(19361a238ae4f0647bbd2a789c5a0cff) Importer(815301076,1909f56bfc062723c751e8b465ee728b)  -> (artifact id: 'a01e9584679681d165f1dbadd54fc72f') in 0.016653 seconds 
========================================================================
Received Prepare
Registering precompiled user dll's ...
Registered in 0.007919 seconds.
Begin MonoManager ReloadAssembly
Symbol file LoadedFromMemory doesn't match image D:\Unity\TestTask\Library\PackageCache\com.unity.visualscripting@1.8.0\Editor\VisualScripting.Core\Dependencies\YamlDotNet\Unity.VisualScripting.YamlDotNet.dll
Symbol file LoadedFromMemory doesn't match image D:\Unity\TestTask\Library\PackageCache\com.unity.visualscripting@1.8.0\Editor\VisualScripting.Core\Dependencies\DotNetZip\Unity.VisualScripting.IonicZip.dll
Native extension for UWP target not found
Native extension for WindowsStandalone target not found
Native extension for Android target not found
Native extension for WebGL target not found
Refreshing native plugins compatible for Editor in 2.64 ms, found 4 plugins.
Preloading 0 native plugins for Editor in 0.00 ms.
Mono: successfully reloaded assembly
- Completed reload, in  4.168 seconds
Domain Reload Profiling:
	ReloadAssembly (4173ms)
		BeginReloadAssembly (1435ms)
			ExecutionOrderSort (0ms)
			DisableScriptedObjects (96ms)
			BackupInstance (0ms)
			ReleaseScriptingObjects (0ms)
			CreateAndSetChildDomain (789ms)
		EndReloadAssembly (2502ms)
			LoadAssemblies (599ms)
			RebuildTransferFunctionScriptingTraits (0ms)
			SetupTypeCache (966ms)
			ReleaseScriptCaches (6ms)
			RebuildScriptCaches (133ms)
			SetupLoadedEditorAssemblies (897ms)
				LogAssemblyErrors (0ms)
				InitializePlatformSupportModulesInManaged (67ms)
				SetLoadedEditorAssemblies (2ms)
				RefreshPlugins (3ms)
				BeforeProcessingInitializeOnLoad (179ms)
				ProcessInitializeOnLoadAttributes (544ms)
				ProcessInitializeOnLoadMethodAttributes (95ms)
				AfterProcessingInitializeOnLoad (7ms)
				EditorAssembliesLoaded (0ms)
			ExecutionOrderSort2 (0ms)
			AwakeInstancesAfterBackupRestoration (11ms)
Platform modules already initialized, skipping
Refreshing native plugins compatible for Editor in 8.85 ms, found 4 plugins.
Preloading 0 native plugins for Editor in 0.00 ms.
Unloading 3741 Unused Serialized files (Serialized files now loaded: 0)
Unloading 26 unused Assets / (26.5 KB). Loaded Objects now: 4307.
Memory consumption went from 147.9 MB to 147.8 MB.
Total: 14.052600 ms (FindLiveObjects: 1.172400 ms CreateObjectMapping: 1.059700 ms MarkObjects: 10.907000 ms  DeleteObjects: 0.908200 ms)

AssetImportParameters requested are different than current active one (requested -> active):
  custom:video-decoder-ogg-theora: a1e56fd34408186e4bbccfd4996cb3dc -> 
  custom:container-muxer-webm: aa71ff27fc2769a1b78a27578f13a17b -> 
  custom:container-demuxer-webm: 4f35f7cbe854078d1ac9338744f61a02 -> 
  custom:video-encoder-webm-vp8: eb34c28f22e8b96e1ab97ce403110664 -> 
  custom:audio-encoder-webm-vorbis: bf7c407c2cedff20999df2af8eb42d56 -> 
  custom:framework-win-MediaFoundation: 216162199b28c13a410421893ffa2e32 -> 
  custom:container-demuxer-ogg: 62fdf1f143b41e24485cea50d1cbac27 -> 
  custom:video-decoder-webm-vp8: 9c59270c3fd7afecdb556c50c9e8de78 -> 
  custom:audio-decoder-ogg-vorbis: bf7c407c2cedff20999df2af8eb42d56 -> 
